[2020-06-03 20:14:39] app.INFO: Protect vendor folder in module contactform [] []
[2020-06-03 20:14:39] app.INFO: Module contactform has no vendor folder [] []
[2020-06-03 20:14:39] app.INFO: Protect vendor folder in module dashactivity [] []
[2020-06-03 20:14:39] app.INFO: Module dashactivity has no vendor folder [] []
[2020-06-03 20:14:39] app.INFO: Protect vendor folder in module dashtrends [] []
[2020-06-03 20:14:39] app.INFO: Module dashtrends has no vendor folder [] []
[2020-06-03 20:14:39] app.INFO: Protect vendor folder in module dashgoals [] []
[2020-06-03 20:14:39] app.INFO: Module dashgoals has no vendor folder [] []
[2020-06-03 20:14:39] app.INFO: Protect vendor folder in module dashproducts [] []
[2020-06-03 20:14:39] app.INFO: Module dashproducts has no vendor folder [] []
[2020-06-03 20:14:39] app.INFO: Protect vendor folder in module graphnvd3 [] []
[2020-06-03 20:14:39] app.INFO: Module graphnvd3 has no vendor folder [] []
[2020-06-03 20:14:39] app.INFO: Protect vendor folder in module gridhtml [] []
[2020-06-03 20:14:39] app.INFO: Module gridhtml has no vendor folder [] []
[2020-06-03 20:14:39] app.INFO: Protect vendor folder in module gsitemap [] []
[2020-06-03 20:14:39] app.INFO: Module gsitemap has no vendor folder [] []
[2020-06-03 20:14:39] app.INFO: Protect vendor folder in module ps_banner [] []
[2020-06-03 20:14:39] app.INFO: Module ps_banner has no vendor folder [] []
[2020-06-03 20:14:39] app.INFO: Protect vendor folder in module ps_categorytree [] []
[2020-06-03 20:14:39] app.INFO: Module ps_categorytree has no vendor folder [] []
[2020-06-03 20:14:39] app.INFO: Protect vendor folder in module ps_checkpayment [] []
[2020-06-03 20:14:39] app.INFO: Module ps_checkpayment has no vendor folder [] []
[2020-06-03 20:14:39] app.INFO: Protect vendor folder in module ps_contactinfo [] []
[2020-06-03 20:14:40] app.INFO: Module ps_contactinfo has no vendor folder [] []
[2020-06-03 20:14:40] app.INFO: Protect vendor folder in module ps_currencyselector [] []
[2020-06-03 20:14:40] app.INFO: Module ps_currencyselector has no vendor folder [] []
[2020-06-03 20:14:40] app.INFO: Protect vendor folder in module ps_customeraccountlinks [] []
[2020-06-03 20:14:40] app.INFO: Module ps_customeraccountlinks has no vendor folder [] []
[2020-06-03 20:14:40] app.INFO: Protect vendor folder in module ps_customersignin [] []
[2020-06-03 20:14:40] app.INFO: Module ps_customersignin has no vendor folder [] []
[2020-06-03 20:14:40] app.INFO: Protect vendor folder in module ps_customtext [] []
[2020-06-03 20:14:40] app.INFO: Module ps_customtext has no vendor folder [] []
[2020-06-03 20:14:40] app.INFO: Protect vendor folder in module ps_emailsubscription [] []
[2020-06-03 20:14:40] app.INFO: Module ps_emailsubscription has no vendor folder [] []
[2020-06-03 20:14:40] app.INFO: Protect vendor folder in module ps_facetedsearch [] []
[2020-06-03 20:14:40] app.INFO: Module ps_facetedsearch has no vendor folder [] []
[2020-06-03 20:14:40] app.INFO: Protect vendor folder in module ps_faviconnotificationbo [] []
[2020-06-03 20:14:40] app.INFO: Module ps_faviconnotificationbo has no vendor folder [] []
[2020-06-03 20:14:41] app.INFO: Protect vendor folder in module ps_featuredproducts [] []
[2020-06-03 20:14:41] app.INFO: Module ps_featuredproducts has no vendor folder [] []
[2020-06-03 20:14:41] app.INFO: Protect vendor folder in module ps_imageslider [] []
[2020-06-03 20:14:41] app.INFO: Module ps_imageslider has no vendor folder [] []
[2020-06-03 20:14:41] app.INFO: Protect vendor folder in module ps_languageselector [] []
[2020-06-03 20:14:41] app.INFO: Module ps_languageselector has no vendor folder [] []
[2020-06-03 20:14:41] app.INFO: Protect vendor folder in module ps_linklist [] []
[2020-06-03 20:14:41] app.INFO: Module ps_linklist has no vendor folder [] []
[2020-06-03 20:14:41] app.ERROR: Class "AdminLinkWidgetController" not found in controllers/admin [] []
[2020-06-03 20:14:41] app.INFO: Protect vendor folder in module ps_mainmenu [] []
[2020-06-03 20:14:41] app.INFO: Module ps_mainmenu has no vendor folder [] []
[2020-06-03 20:14:41] app.INFO: Protect vendor folder in module ps_searchbar [] []
[2020-06-03 20:14:41] app.INFO: Module ps_searchbar has no vendor folder [] []
[2020-06-03 20:14:41] app.INFO: Protect vendor folder in module ps_sharebuttons [] []
[2020-06-03 20:14:41] app.INFO: Module ps_sharebuttons has no vendor folder [] []
[2020-06-03 20:14:41] app.INFO: Protect vendor folder in module ps_shoppingcart [] []
[2020-06-03 20:14:41] app.INFO: Module ps_shoppingcart has no vendor folder [] []
[2020-06-03 20:14:41] app.INFO: Protect vendor folder in module ps_socialfollow [] []
[2020-06-03 20:14:41] app.INFO: Module ps_socialfollow has no vendor folder [] []
[2020-06-03 20:14:41] app.INFO: Protect vendor folder in module ps_themecusto [] []
[2020-06-03 20:14:41] app.INFO: Module ps_themecusto has no vendor folder [] []
[2020-06-03 20:14:41] app.INFO: Protect vendor folder in module ps_wirepayment [] []
[2020-06-03 20:14:41] app.INFO: Module ps_wirepayment has no vendor folder [] []
[2020-06-03 20:14:41] app.INFO: Protect vendor folder in module pagesnotfound [] []
[2020-06-03 20:14:41] app.INFO: Module pagesnotfound has no vendor folder [] []
[2020-06-03 20:14:41] app.INFO: Protect vendor folder in module sekeywords [] []
[2020-06-03 20:14:41] app.INFO: Module sekeywords has no vendor folder [] []
[2020-06-03 20:14:42] app.INFO: Protect vendor folder in module statsbestcategories [] []
[2020-06-03 20:14:42] app.INFO: Module statsbestcategories has no vendor folder [] []
[2020-06-03 20:14:42] app.INFO: Protect vendor folder in module statsbestcustomers [] []
[2020-06-03 20:14:42] app.INFO: Module statsbestcustomers has no vendor folder [] []
[2020-06-03 20:14:42] app.INFO: Protect vendor folder in module statsbestproducts [] []
[2020-06-03 20:14:42] app.INFO: Module statsbestproducts has no vendor folder [] []
[2020-06-03 20:14:42] app.INFO: Protect vendor folder in module statsbestsuppliers [] []
[2020-06-03 20:14:42] app.INFO: Module statsbestsuppliers has no vendor folder [] []
[2020-06-03 20:14:42] app.INFO: Protect vendor folder in module statsbestvouchers [] []
[2020-06-03 20:14:42] app.INFO: Module statsbestvouchers has no vendor folder [] []
[2020-06-03 20:14:42] app.INFO: Protect vendor folder in module statscarrier [] []
[2020-06-03 20:14:42] app.INFO: Module statscarrier has no vendor folder [] []
[2020-06-03 20:14:42] app.INFO: Protect vendor folder in module statscatalog [] []
[2020-06-03 20:14:42] app.INFO: Module statscatalog has no vendor folder [] []
[2020-06-03 20:14:42] app.INFO: Protect vendor folder in module statscheckup [] []
[2020-06-03 20:14:42] app.INFO: Module statscheckup has no vendor folder [] []
[2020-06-03 20:14:42] app.INFO: Protect vendor folder in module statsdata [] []
[2020-06-03 20:14:42] app.INFO: Module statsdata has no vendor folder [] []
[2020-06-03 20:14:42] app.INFO: Protect vendor folder in module statsequipment [] []
[2020-06-03 20:14:42] app.INFO: Module statsequipment has no vendor folder [] []
[2020-06-03 20:14:42] app.INFO: Protect vendor folder in module statsforecast [] []
[2020-06-03 20:14:42] app.INFO: Module statsforecast has no vendor folder [] []
[2020-06-03 20:14:42] app.INFO: Protect vendor folder in module statslive [] []
[2020-06-03 20:14:42] app.INFO: Module statslive has no vendor folder [] []
[2020-06-03 20:14:42] app.INFO: Protect vendor folder in module statsnewsletter [] []
[2020-06-03 20:14:42] app.INFO: Module statsnewsletter has no vendor folder [] []
[2020-06-03 20:14:42] app.INFO: Protect vendor folder in module statsorigin [] []
[2020-06-03 20:14:42] app.INFO: Module statsorigin has no vendor folder [] []
[2020-06-03 20:14:42] app.INFO: Protect vendor folder in module statspersonalinfos [] []
[2020-06-03 20:14:42] app.INFO: Module statspersonalinfos has no vendor folder [] []
[2020-06-03 20:14:42] app.INFO: Protect vendor folder in module statsproduct [] []
[2020-06-03 20:14:42] app.INFO: Module statsproduct has no vendor folder [] []
[2020-06-03 20:14:42] app.INFO: Protect vendor folder in module statsregistrations [] []
[2020-06-03 20:14:42] app.INFO: Module statsregistrations has no vendor folder [] []
[2020-06-03 20:14:42] app.INFO: Protect vendor folder in module statssales [] []
[2020-06-03 20:14:42] app.INFO: Module statssales has no vendor folder [] []
[2020-06-03 20:14:42] app.INFO: Protect vendor folder in module statssearch [] []
[2020-06-03 20:14:42] app.INFO: Module statssearch has no vendor folder [] []
[2020-06-03 20:14:42] app.INFO: Protect vendor folder in module statsstock [] []
[2020-06-03 20:14:42] app.INFO: Module statsstock has no vendor folder [] []
[2020-06-03 20:14:42] app.INFO: Protect vendor folder in module statsvisits [] []
[2020-06-03 20:14:42] app.INFO: Module statsvisits has no vendor folder [] []
[2020-06-03 20:14:42] app.INFO: Protect vendor folder in module welcome [] []
[2020-06-03 20:14:43] app.INFO: Exporting mail with theme modern for language English (English) [] []
[2020-06-03 20:14:43] app.INFO: Core output folder: /www/wwwroot/shop/mails [] []
[2020-06-03 20:14:43] app.INFO: Modules output folder: /www/wwwroot/shop/modules/ [] []
[2020-06-06 15:19:17] request.INFO: Matched route "admin_themes_upload_logos". {"route":"admin_themes_upload_logos","route_parameters":{"_controller":"PrestaShopBundle\\Controller\\Admin\\Improve\\Design\\ThemeController::uploadLogosAction","_legacy_controller":"AdminThemes","_legacy_link":"AdminThemes:submitOptionsconfiguration","_route":"admin_themes_upload_logos"},"request_uri":"http://ec2-54-153-108-118.us-west-1.compute.amazonaws.com/admin912nyo4fx/index.php/improve/design/themes/upload-logos?_token=-R3L1EfQsMj3wKfhcxIZgYexOgJrw49lvFOmuxZbdoA","method":"POST"} []
[2020-06-06 15:19:17] security.DEBUG: Read existing security token from the session. {"key":"_security_main","token_class":"Symfony\\Component\\Security\\Core\\Authentication\\Token\\UsernamePasswordToken"} []
[2020-06-06 15:19:17] security.DEBUG: User was reloaded from a user provider. {"provider":"PrestaShopBundle\\Security\\Admin\\EmployeeProvider","username":"zxtkael@gmail.com"} []
[2020-06-06 15:19:18] request.CRITICAL: Uncaught PHP Exception LogicException: "Unable to guess the mime type as no guessers are available (Did you enable the php_fileinfo extension?)" at /www/wwwroot/shop/vendor/symfony/symfony/src/Symfony/Component/HttpFoundation/File/MimeType/MimeTypeGuesser.php line 130 {"exception":"[object] (LogicException(code: 0): Unable to guess the mime type as no guessers are available (Did you enable the php_fileinfo extension?) at /www/wwwroot/shop/vendor/symfony/symfony/src/Symfony/Component/HttpFoundation/File/MimeType/MimeTypeGuesser.php:130)"} []
[2020-06-06 15:19:18] security.DEBUG: Stored the security token in the session. {"key":"_security_main"} []
[2020-06-06 15:19:45] request.INFO: Matched route "admin_themes_upload_logos". {"route":"admin_themes_upload_logos","route_parameters":{"_controller":"PrestaShopBundle\\Controller\\Admin\\Improve\\Design\\ThemeController::uploadLogosAction","_legacy_controller":"AdminThemes","_legacy_link":"AdminThemes:submitOptionsconfiguration","_route":"admin_themes_upload_logos"},"request_uri":"http://ec2-54-153-108-118.us-west-1.compute.amazonaws.com/admin912nyo4fx/index.php/improve/design/themes/upload-logos?_token=-R3L1EfQsMj3wKfhcxIZgYexOgJrw49lvFOmuxZbdoA","method":"POST"} []
[2020-06-06 15:19:45] security.DEBUG: Read existing security token from the session. {"key":"_security_main","token_class":"Symfony\\Component\\Security\\Core\\Authentication\\Token\\UsernamePasswordToken"} []
[2020-06-06 15:19:45] security.DEBUG: User was reloaded from a user provider. {"provider":"PrestaShopBundle\\Security\\Admin\\EmployeeProvider","username":"zxtkael@gmail.com"} []
[2020-06-06 15:19:46] request.CRITICAL: Uncaught PHP Exception LogicException: "Unable to guess the mime type as no guessers are available (Did you enable the php_fileinfo extension?)" at /www/wwwroot/shop/vendor/symfony/symfony/src/Symfony/Component/HttpFoundation/File/MimeType/MimeTypeGuesser.php line 130 {"exception":"[object] (LogicException(code: 0): Unable to guess the mime type as no guessers are available (Did you enable the php_fileinfo extension?) at /www/wwwroot/shop/vendor/symfony/symfony/src/Symfony/Component/HttpFoundation/File/MimeType/MimeTypeGuesser.php:130)"} []
[2020-06-06 15:19:46] security.DEBUG: Stored the security token in the session. {"key":"_security_main"} []
[2020-06-06 15:20:13] request.INFO: Matched route "admin_themes_upload_logos". {"route":"admin_themes_upload_logos","route_parameters":{"_controller":"PrestaShopBundle\\Controller\\Admin\\Improve\\Design\\ThemeController::uploadLogosAction","_legacy_controller":"AdminThemes","_legacy_link":"AdminThemes:submitOptionsconfiguration","_route":"admin_themes_upload_logos"},"request_uri":"http://ec2-54-153-108-118.us-west-1.compute.amazonaws.com/admin912nyo4fx/index.php/improve/design/themes/upload-logos?_token=-R3L1EfQsMj3wKfhcxIZgYexOgJrw49lvFOmuxZbdoA","method":"POST"} []
[2020-06-06 15:20:13] security.DEBUG: Read existing security token from the session. {"key":"_security_main","token_class":"Symfony\\Component\\Security\\Core\\Authentication\\Token\\UsernamePasswordToken"} []
[2020-06-06 15:20:13] security.DEBUG: User was reloaded from a user provider. {"provider":"PrestaShopBundle\\Security\\Admin\\EmployeeProvider","username":"zxtkael@gmail.com"} []
[2020-06-06 15:20:13] request.CRITICAL: Uncaught PHP Exception LogicException: "Unable to guess the mime type as no guessers are available (Did you enable the php_fileinfo extension?)" at /www/wwwroot/shop/vendor/symfony/symfony/src/Symfony/Component/HttpFoundation/File/MimeType/MimeTypeGuesser.php line 130 {"exception":"[object] (LogicException(code: 0): Unable to guess the mime type as no guessers are available (Did you enable the php_fileinfo extension?) at /www/wwwroot/shop/vendor/symfony/symfony/src/Symfony/Component/HttpFoundation/File/MimeType/MimeTypeGuesser.php:130)"} []
[2020-06-06 15:20:13] security.DEBUG: Stored the security token in the session. {"key":"_security_main"} []
[2020-06-06 15:21:27] request.INFO: Matched route "admin_themes_upload_logos". {"route":"admin_themes_upload_logos","route_parameters":{"_controller":"PrestaShopBundle\\Controller\\Admin\\Improve\\Design\\ThemeController::uploadLogosAction","_legacy_controller":"AdminThemes","_legacy_link":"AdminThemes:submitOptionsconfiguration","_route":"admin_themes_upload_logos"},"request_uri":"http://ec2-54-153-108-118.us-west-1.compute.amazonaws.com/admin912nyo4fx/index.php/improve/design/themes/upload-logos?_token=-R3L1EfQsMj3wKfhcxIZgYexOgJrw49lvFOmuxZbdoA","method":"POST"} []
[2020-06-06 15:21:27] security.DEBUG: Read existing security token from the session. {"key":"_security_main","token_class":"Symfony\\Component\\Security\\Core\\Authentication\\Token\\UsernamePasswordToken"} []
[2020-06-06 15:21:27] security.DEBUG: User was reloaded from a user provider. {"provider":"PrestaShopBundle\\Security\\Admin\\EmployeeProvider","username":"zxtkael@gmail.com"} []
[2020-06-06 15:21:28] request.CRITICAL: Uncaught PHP Exception LogicException: "Unable to guess the mime type as no guessers are available (Did you enable the php_fileinfo extension?)" at /www/wwwroot/shop/vendor/symfony/symfony/src/Symfony/Component/HttpFoundation/File/MimeType/MimeTypeGuesser.php line 130 {"exception":"[object] (LogicException(code: 0): Unable to guess the mime type as no guessers are available (Did you enable the php_fileinfo extension?) at /www/wwwroot/shop/vendor/symfony/symfony/src/Symfony/Component/HttpFoundation/File/MimeType/MimeTypeGuesser.php:130)"} []
[2020-06-06 15:21:28] security.DEBUG: Stored the security token in the session. {"key":"_security_main"} []
[2020-06-06 15:23:46] request.INFO: Matched route "admin_themes_upload_logos". {"route":"admin_themes_upload_logos","route_parameters":{"_controller":"PrestaShopBundle\\Controller\\Admin\\Improve\\Design\\ThemeController::uploadLogosAction","_legacy_controller":"AdminThemes","_legacy_link":"AdminThemes:submitOptionsconfiguration","_route":"admin_themes_upload_logos"},"request_uri":"http://ec2-54-153-108-118.us-west-1.compute.amazonaws.com/admin912nyo4fx/index.php/improve/design/themes/upload-logos?_token=-R3L1EfQsMj3wKfhcxIZgYexOgJrw49lvFOmuxZbdoA","method":"POST"} []
[2020-06-06 15:23:46] security.DEBUG: Read existing security token from the session. {"key":"_security_main","token_class":"Symfony\\Component\\Security\\Core\\Authentication\\Token\\UsernamePasswordToken"} []
[2020-06-06 15:23:46] security.DEBUG: User was reloaded from a user provider. {"provider":"PrestaShopBundle\\Security\\Admin\\EmployeeProvider","username":"zxtkael@gmail.com"} []
[2020-06-06 15:23:47] request.CRITICAL: Uncaught PHP Exception LogicException: "Unable to guess the mime type as no guessers are available (Did you enable the php_fileinfo extension?)" at /www/wwwroot/shop/vendor/symfony/symfony/src/Symfony/Component/HttpFoundation/File/MimeType/MimeTypeGuesser.php line 130 {"exception":"[object] (LogicException(code: 0): Unable to guess the mime type as no guessers are available (Did you enable the php_fileinfo extension?) at /www/wwwroot/shop/vendor/symfony/symfony/src/Symfony/Component/HttpFoundation/File/MimeType/MimeTypeGuesser.php:130)"} []
[2020-06-06 15:23:47] security.DEBUG: Stored the security token in the session. {"key":"_security_main"} []
[2020-06-06 15:29:11] request.INFO: Matched route "admin_themes_upload_logos". {"route":"admin_themes_upload_logos","route_parameters":{"_controller":"PrestaShopBundle\\Controller\\Admin\\Improve\\Design\\ThemeController::uploadLogosAction","_legacy_controller":"AdminThemes","_legacy_link":"AdminThemes:submitOptionsconfiguration","_route":"admin_themes_upload_logos"},"request_uri":"http://ec2-54-153-108-118.us-west-1.compute.amazonaws.com/admin912nyo4fx/index.php/improve/design/themes/upload-logos?_token=-R3L1EfQsMj3wKfhcxIZgYexOgJrw49lvFOmuxZbdoA","method":"POST"} []
[2020-06-06 15:29:11] security.DEBUG: Read existing security token from the session. {"key":"_security_main","token_class":"Symfony\\Component\\Security\\Core\\Authentication\\Token\\UsernamePasswordToken"} []
[2020-06-06 15:29:11] security.DEBUG: User was reloaded from a user provider. {"provider":"PrestaShopBundle\\Security\\Admin\\EmployeeProvider","username":"zxtkael@gmail.com"} []
[2020-06-06 15:29:11] request.CRITICAL: Uncaught PHP Exception LogicException: "Unable to guess the mime type as no guessers are available (Did you enable the php_fileinfo extension?)" at /www/wwwroot/shop/vendor/symfony/symfony/src/Symfony/Component/HttpFoundation/File/MimeType/MimeTypeGuesser.php line 130 {"exception":"[object] (LogicException(code: 0): Unable to guess the mime type as no guessers are available (Did you enable the php_fileinfo extension?) at /www/wwwroot/shop/vendor/symfony/symfony/src/Symfony/Component/HttpFoundation/File/MimeType/MimeTypeGuesser.php:130)"} []
[2020-06-06 15:29:11] security.DEBUG: Stored the security token in the session. {"key":"_security_main"} []
[2020-06-06 15:30:26] request.INFO: Matched route "admin_themes_upload_logos". {"route":"admin_themes_upload_logos","route_parameters":{"_controller":"PrestaShopBundle\\Controller\\Admin\\Improve\\Design\\ThemeController::uploadLogosAction","_legacy_controller":"AdminThemes","_legacy_link":"AdminThemes:submitOptionsconfiguration","_route":"admin_themes_upload_logos"},"request_uri":"http://ec2-54-153-108-118.us-west-1.compute.amazonaws.com/admin912nyo4fx/index.php/improve/design/themes/upload-logos?_token=-R3L1EfQsMj3wKfhcxIZgYexOgJrw49lvFOmuxZbdoA","method":"POST"} []
[2020-06-06 15:30:26] security.DEBUG: Read existing security token from the session. {"key":"_security_main","token_class":"Symfony\\Component\\Security\\Core\\Authentication\\Token\\UsernamePasswordToken"} []
[2020-06-06 15:30:26] security.DEBUG: User was reloaded from a user provider. {"provider":"PrestaShopBundle\\Security\\Admin\\EmployeeProvider","username":"zxtkael@gmail.com"} []
[2020-06-06 15:30:26] request.CRITICAL: Uncaught PHP Exception LogicException: "Unable to guess the mime type as no guessers are available (Did you enable the php_fileinfo extension?)" at /www/wwwroot/shop/vendor/symfony/symfony/src/Symfony/Component/HttpFoundation/File/MimeType/MimeTypeGuesser.php line 130 {"exception":"[object] (LogicException(code: 0): Unable to guess the mime type as no guessers are available (Did you enable the php_fileinfo extension?) at /www/wwwroot/shop/vendor/symfony/symfony/src/Symfony/Component/HttpFoundation/File/MimeType/MimeTypeGuesser.php:130)"} []
[2020-06-06 15:30:26] security.DEBUG: Stored the security token in the session. {"key":"_security_main"} []
[2020-06-06 15:31:08] request.INFO: Matched route "admin_themes_upload_logos". {"route":"admin_themes_upload_logos","route_parameters":{"_controller":"PrestaShopBundle\\Controller\\Admin\\Improve\\Design\\ThemeController::uploadLogosAction","_legacy_controller":"AdminThemes","_legacy_link":"AdminThemes:submitOptionsconfiguration","_route":"admin_themes_upload_logos"},"request_uri":"http://ec2-54-153-108-118.us-west-1.compute.amazonaws.com/admin912nyo4fx/index.php/improve/design/themes/upload-logos?_token=-R3L1EfQsMj3wKfhcxIZgYexOgJrw49lvFOmuxZbdoA","method":"POST"} []
[2020-06-06 15:31:08] security.DEBUG: Read existing security token from the session. {"key":"_security_main","token_class":"Symfony\\Component\\Security\\Core\\Authentication\\Token\\UsernamePasswordToken"} []
[2020-06-06 15:31:08] security.DEBUG: User was reloaded from a user provider. {"provider":"PrestaShopBundle\\Security\\Admin\\EmployeeProvider","username":"zxtkael@gmail.com"} []
[2020-06-06 15:31:08] request.CRITICAL: Uncaught PHP Exception LogicException: "Unable to guess the mime type as no guessers are available (Did you enable the php_fileinfo extension?)" at /www/wwwroot/shop/vendor/symfony/symfony/src/Symfony/Component/HttpFoundation/File/MimeType/MimeTypeGuesser.php line 130 {"exception":"[object] (LogicException(code: 0): Unable to guess the mime type as no guessers are available (Did you enable the php_fileinfo extension?) at /www/wwwroot/shop/vendor/symfony/symfony/src/Symfony/Component/HttpFoundation/File/MimeType/MimeTypeGuesser.php:130)"} []
[2020-06-06 15:31:08] security.DEBUG: Stored the security token in the session. {"key":"_security_main"} []
[2020-06-06 15:31:24] request.INFO: Matched route "admin_themes_upload_logos". {"route":"admin_themes_upload_logos","route_parameters":{"_controller":"PrestaShopBundle\\Controller\\Admin\\Improve\\Design\\ThemeController::uploadLogosAction","_legacy_controller":"AdminThemes","_legacy_link":"AdminThemes:submitOptionsconfiguration","_route":"admin_themes_upload_logos"},"request_uri":"http://ec2-54-153-108-118.us-west-1.compute.amazonaws.com/admin912nyo4fx/index.php/improve/design/themes/upload-logos?_token=-R3L1EfQsMj3wKfhcxIZgYexOgJrw49lvFOmuxZbdoA","method":"POST"} []
[2020-06-06 15:31:24] security.DEBUG: Read existing security token from the session. {"key":"_security_main","token_class":"Symfony\\Component\\Security\\Core\\Authentication\\Token\\UsernamePasswordToken"} []
[2020-06-06 15:31:24] security.DEBUG: User was reloaded from a user provider. {"provider":"PrestaShopBundle\\Security\\Admin\\EmployeeProvider","username":"zxtkael@gmail.com"} []
[2020-06-06 15:31:24] request.CRITICAL: Uncaught PHP Exception LogicException: "Unable to guess the mime type as no guessers are available (Did you enable the php_fileinfo extension?)" at /www/wwwroot/shop/vendor/symfony/symfony/src/Symfony/Component/HttpFoundation/File/MimeType/MimeTypeGuesser.php line 130 {"exception":"[object] (LogicException(code: 0): Unable to guess the mime type as no guessers are available (Did you enable the php_fileinfo extension?) at /www/wwwroot/shop/vendor/symfony/symfony/src/Symfony/Component/HttpFoundation/File/MimeType/MimeTypeGuesser.php:130)"} []
[2020-06-06 15:31:24] security.DEBUG: Stored the security token in the session. {"key":"_security_main"} []
[2020-06-06 15:48:36] request.INFO: Matched route "admin_themes_upload_logos". {"route":"admin_themes_upload_logos","route_parameters":{"_controller":"PrestaShopBundle\\Controller\\Admin\\Improve\\Design\\ThemeController::uploadLogosAction","_legacy_controller":"AdminThemes","_legacy_link":"AdminThemes:submitOptionsconfiguration","_route":"admin_themes_upload_logos"},"request_uri":"http://ec2-54-153-108-118.us-west-1.compute.amazonaws.com/admin912nyo4fx/index.php/improve/design/themes/upload-logos?_token=-R3L1EfQsMj3wKfhcxIZgYexOgJrw49lvFOmuxZbdoA","method":"POST"} []
[2020-06-06 15:48:36] security.DEBUG: Read existing security token from the session. {"key":"_security_main","token_class":"Symfony\\Component\\Security\\Core\\Authentication\\Token\\UsernamePasswordToken"} []
[2020-06-06 15:48:36] security.DEBUG: User was reloaded from a user provider. {"provider":"PrestaShopBundle\\Security\\Admin\\EmployeeProvider","username":"zxtkael@gmail.com"} []
[2020-06-06 15:48:36] request.CRITICAL: Uncaught PHP Exception LogicException: "Unable to guess the mime type as no guessers are available (Did you enable the php_fileinfo extension?)" at /www/wwwroot/shop/vendor/symfony/symfony/src/Symfony/Component/HttpFoundation/File/MimeType/MimeTypeGuesser.php line 130 {"exception":"[object] (LogicException(code: 0): Unable to guess the mime type as no guessers are available (Did you enable the php_fileinfo extension?) at /www/wwwroot/shop/vendor/symfony/symfony/src/Symfony/Component/HttpFoundation/File/MimeType/MimeTypeGuesser.php:130)"} []
[2020-06-06 15:48:36] security.DEBUG: Stored the security token in the session. {"key":"_security_main"} []
[2020-06-06 15:51:38] request.INFO: Matched route "admin_themes_upload_logos". {"route":"admin_themes_upload_logos","route_parameters":{"_controller":"PrestaShopBundle\\Controller\\Admin\\Improve\\Design\\ThemeController::uploadLogosAction","_legacy_controller":"AdminThemes","_legacy_link":"AdminThemes:submitOptionsconfiguration","_route":"admin_themes_upload_logos"},"request_uri":"http://ec2-54-153-108-118.us-west-1.compute.amazonaws.com/admin912nyo4fx/index.php/improve/design/themes/upload-logos?_token=fSLQL9lABdphsnx6BNbK8djkKiSunfSLlh4-PFE8kf0","method":"POST"} []
[2020-06-06 15:51:38] security.DEBUG: Read existing security token from the session. {"key":"_security_main","token_class":"Symfony\\Component\\Security\\Core\\Authentication\\Token\\UsernamePasswordToken"} []
[2020-06-06 15:51:38] security.DEBUG: User was reloaded from a user provider. {"provider":"PrestaShopBundle\\Security\\Admin\\EmployeeProvider","username":"zxtkael@gmail.com"} []
[2020-06-06 15:51:38] request.CRITICAL: Uncaught PHP Exception LogicException: "Unable to guess the mime type as no guessers are available (Did you enable the php_fileinfo extension?)" at /www/wwwroot/shop/vendor/symfony/symfony/src/Symfony/Component/HttpFoundation/File/MimeType/MimeTypeGuesser.php line 130 {"exception":"[object] (LogicException(code: 0): Unable to guess the mime type as no guessers are available (Did you enable the php_fileinfo extension?) at /www/wwwroot/shop/vendor/symfony/symfony/src/Symfony/Component/HttpFoundation/File/MimeType/MimeTypeGuesser.php:130)"} []
[2020-06-06 15:51:38] security.DEBUG: Stored the security token in the session. {"key":"_security_main"} []
[2020-06-24 16:20:31] request.CRITICAL: Uncaught PHP Exception Symfony\Component\Debug\Exception\UndefinedMethodException: "Attempted to call an undefined method named "" of class "Validate"." at /www/wwwroot/shop/classes/controller/AdminController.php line 1474 {"exception":"[object] (Symfony\\Component\\Debug\\Exception\\UndefinedMethodException(code: 0): Attempted to call an undefined method named \"\" of class \"Validate\". at /www/wwwroot/shop/classes/controller/AdminController.php:1474)"} []
[2020-06-24 16:22:49] request.CRITICAL: Uncaught PHP Exception Symfony\Component\Debug\Exception\UndefinedMethodException: "Attempted to call an undefined method named "" of class "Validate"." at /www/wwwroot/shop/classes/controller/AdminController.php line 1474 {"exception":"[object] (Symfony\\Component\\Debug\\Exception\\UndefinedMethodException(code: 0): Attempted to call an undefined method named \"\" of class \"Validate\". at /www/wwwroot/shop/classes/controller/AdminController.php:1474)"} []
[2020-06-24 16:23:00] request.CRITICAL: Uncaught PHP Exception Symfony\Component\Debug\Exception\UndefinedMethodException: "Attempted to call an undefined method named "" of class "Validate"." at /www/wwwroot/shop/classes/controller/AdminController.php line 1474 {"exception":"[object] (Symfony\\Component\\Debug\\Exception\\UndefinedMethodException(code: 0): Attempted to call an undefined method named \"\" of class \"Validate\". at /www/wwwroot/shop/classes/controller/AdminController.php:1474)"} []
[2020-06-24 16:23:10] request.CRITICAL: Uncaught PHP Exception Symfony\Component\Debug\Exception\UndefinedMethodException: "Attempted to call an undefined method named "" of class "Validate"." at /www/wwwroot/shop/classes/controller/AdminController.php line 1474 {"exception":"[object] (Symfony\\Component\\Debug\\Exception\\UndefinedMethodException(code: 0): Attempted to call an undefined method named \"\" of class \"Validate\". at /www/wwwroot/shop/classes/controller/AdminController.php:1474)"} []
[2020-06-24 16:23:39] request.CRITICAL: Uncaught PHP Exception Symfony\Component\Debug\Exception\UndefinedMethodException: "Attempted to call an undefined method named "" of class "Validate"." at /www/wwwroot/shop/classes/controller/AdminController.php line 1474 {"exception":"[object] (Symfony\\Component\\Debug\\Exception\\UndefinedMethodException(code: 0): Attempted to call an undefined method named \"\" of class \"Validate\". at /www/wwwroot/shop/classes/controller/AdminController.php:1474)"} []
